{"name": "test_search_by_name", "status": "broken", "statusDetails": {"message": "selenium.common.exceptions.TimeoutException: Message: \nStacktrace:\n\tGetHandleVerifier [0x00007FF6448A1522+60802]\n\t(No symbol) [0x00007FF64481AC22]\n\t(No symbol) [0x00007FF6446D7CE4]\n\t(No symbol) [0x00007FF644726D4D]\n\t(No symbol) [0x00007FF644726E1C]\n\t(No symbol) [0x00007FF64476CE37]\n\t(No symbol) [0x00007FF64474ABBF]\n\t(No symbol) [0x00007FF64476A224]\n\t(No symbol) [0x00007FF64474A923]\n\t(No symbol) [0x00007FF644718FEC]\n\t(No symbol) [0x00007FF644719C21]\n\tGetHandleVerifier [0x00007FF644BA41BD+3217949]\n\tGetHandleVerifier [0x00007FF644BE6157+3488183]\n\tGetHandleVerifier [0x00007FF644BDF0DF+3459391]\n\tGetHandleVerifier [0x00007FF64495B8E6+823622]\n\t(No symbol) [0x00007FF644825FBF]\n\t(No symbol) [0x00007FF644820EE4]\n\t(No symbol) [0x00007FF644821072]\n\t(No symbol) [0x00007FF6448118C4]\n\tBaseThreadInitThunk [0x00007FF829AC7034+20]\n\tRtlUserThreadStart [0x00007FF82B462651+33]", "trace": "self = <testCases.test_search_employee.Test_004_SearchEmp object at 0x00000152684A7E30>\nsetup = <selenium.webdriver.chrome.webdriver.WebDriver (session=\"a9fe032ff87a75d923a42760063eeb43\")>\n\n    @pytest.mark.regression\n    @allure.severity(allure.severity_level.NORMAL)\n    def test_search_by_name(self, setup):\n        self.logger.info(\"*************** Test_004_SearchEmp ***************\")\n        self.logger.info(\"*************** Verifying test_search_by_name ***************\")\n        self.driver = setup\n        self.driver.get(url=self.url)\n        lp = LoginPage.LoginPage(self.driver)\n        wait = WebDriverWait(self.driver, 10)\n        wait.until(\n            expected_conditions.visibility_of_element_located((By.XPATH, lp.username_textbox_xpath))\n        )\n        lp.do_login(self.username, self.password)\n        ad = AddEmployee.AddEmp(self.driver)\n        ad.add_emp_without_login_details(self.first_name, self.last_name)\n        time.sleep(4)\n        se = SearchEmployee.SearchEmp(self.driver)\n        wait.until(\n            expected_conditions.visibility_of_element_located((By.XPATH, se.emp_list_xpath))\n        )\n>       search_results = se.search_emp_by_name(self.first_name + \" \" + self.last_name)\n\nOrangeHRM\\testCases\\test_search_employee.py:52: \n_ _ _ _ _ _ _ _ _ _ _ _ _ _ _ _ _ _ _ _ _ _ _ _ _ _ _ _ _ _ _ _ _ _ _ _ _ _ _ _ _ _ _ _ _ _ _ _ _ _ _ _ _ _ _ _ _ _ _ _ _ _ _ _ _ _ _ _ _ _ _ _ _ _ _ _ _ _ _\nOrangeHRM\\pageObjects\\SearchEmployee.py:31: in search_emp_by_name\n    element = wait.until(\n_ _ _ _ _ _ _ _ _ _ _ _ _ _ _ _ _ _ _ _ _ _ _ _ _ _ _ _ _ _ _ _ _ _ _ _ _ _ _ _ _ _ _ _ _ _ _ _ _ _ _ _ _ _ _ _ _ _ _ _ _ _ _ _ _ _ _ _ _ _ _ _ _ _ _ _ _ _ _\n\nself = <selenium.webdriver.support.wait.WebDriverWait (session=\"a9fe032ff87a75d923a42760063eeb43\")>\nmethod = <function visibility_of_element_located.<locals>._predicate at 0x00000152686EB4C0>, message = ''\n\n    def until(self, method: Callable[[D], Union[Literal[False], T]], message: str = \"\") -> T:\n        \"\"\"Calls the method provided with the driver as an argument until the \\\n        return value does not evaluate to ``False``.\n    \n        :param method: callable(WebDriver)\n        :param message: optional message for :exc:`TimeoutException`\n        :returns: the result of the last call to `method`\n        :raises: :exc:`selenium.common.exceptions.TimeoutException` if timeout occurs\n        \"\"\"\n        screen = None\n        stacktrace = None\n    \n        end_time = time.monotonic() + self._timeout\n        while True:\n            try:\n                value = method(self._driver)\n                if value:\n                    return value\n            except self._ignored_exceptions as exc:\n                screen = getattr(exc, \"screen\", None)\n                stacktrace = getattr(exc, \"stacktrace\", None)\n            time.sleep(self._poll)\n            if time.monotonic() > end_time:\n                break\n>       raise TimeoutException(message, screen, stacktrace)\nE       selenium.common.exceptions.TimeoutException: Message: \nE       Stacktrace:\nE       \tGetHandleVerifier [0x00007FF6448A1522+60802]\nE       \t(No symbol) [0x00007FF64481AC22]\nE       \t(No symbol) [0x00007FF6446D7CE4]\nE       \t(No symbol) [0x00007FF644726D4D]\nE       \t(No symbol) [0x00007FF644726E1C]\nE       \t(No symbol) [0x00007FF64476CE37]\nE       \t(No symbol) [0x00007FF64474ABBF]\nE       \t(No symbol) [0x00007FF64476A224]\nE       \t(No symbol) [0x00007FF64474A923]\nE       \t(No symbol) [0x00007FF644718FEC]\nE       \t(No symbol) [0x00007FF644719C21]\nE       \tGetHandleVerifier [0x00007FF644BA41BD+3217949]\nE       \tGetHandleVerifier [0x00007FF644BE6157+3488183]\nE       \tGetHandleVerifier [0x00007FF644BDF0DF+3459391]\nE       \tGetHandleVerifier [0x00007FF64495B8E6+823622]\nE       \t(No symbol) [0x00007FF644825FBF]\nE       \t(No symbol) [0x00007FF644820EE4]\nE       \t(No symbol) [0x00007FF644821072]\nE       \t(No symbol) [0x00007FF6448118C4]\nE       \tBaseThreadInitThunk [0x00007FF829AC7034+20]\nE       \tRtlUserThreadStart [0x00007FF82B462651+33]\n\n.venv\\Lib\\site-packages\\selenium\\webdriver\\support\\wait.py:105: TimeoutException"}, "attachments": [{"name": "log", "source": "10cfed09-b503-408a-8568-11a9e7c9a9bc-attachment.txt", "type": "text/plain"}], "start": 1715758701124, "stop": 1715758733753, "uuid": "46a8ceb0-0ea2-474e-b93e-e35ead41b062", "historyId": "132f839811f075b6b508ec1f17fe8128", "testCaseId": "132f839811f075b6b508ec1f17fe8128", "fullName": "test_search_employee.Test_004_SearchEmp#test_search_by_name", "labels": [{"name": "severity", "value": "normal"}, {"name": "tag", "value": "regression"}, {"name": "suite", "value": "test_search_employee"}, {"name": "subSuite", "value": "Test_004_SearchEmp"}, {"name": "host", "value": "DESKTOP-7LGC8DI"}, {"name": "thread", "value": "8044-MainThread"}, {"name": "framework", "value": "pytest"}, {"name": "language", "value": "cpython3"}, {"name": "package", "value": "test_search_employee"}]}